  Using triplet "x64-windows" from "C:\Users\aleys\vcpkg\installed\x64-windows\"
  Animation.cpp
C:\Users\aleys\Desktop\Visual Studio Projects\CardGame\Deck Building Game\Deck Building Game\Animation.cpp(21,22): warning C4267: 'return': conversion from 'size_t' to 'int', possible loss of data
  AudioManager.cpp
  Cards.cpp
  Character.cpp
  Enemy.cpp
  EnemyManager.cpp
  GeneralVariables.cpp
  Input.cpp
  Level.cpp
C:\Users\aleys\Desktop\Visual Studio Projects\CardGame\Deck Building Game\Deck Building Game\Level.cpp(8,12): warning C4244: 'argument': conversion from 'time_t' to 'unsigned int', possible loss of data
  Main.cpp
C:\Users\aleys\Desktop\Visual Studio Projects\CardGame\Deck Building Game\Deck Building Game\Main.cpp(16,1): warning C4326: return type of 'main' should be 'int' instead of 'void'
  MusicObject.cpp
  Player.cpp
C:\Users\aleys\Desktop\Visual Studio Projects\CardGame\Deck Building Game\Deck Building Game\Player.cpp(69,35): warning C4267: 'argument': conversion from 'size_t' to 'unsigned int', possible loss of data
C:\Users\aleys\Desktop\Visual Studio Projects\CardGame\Deck Building Game\Deck Building Game\Player.cpp(81,36): warning C4267: 'initializing': conversion from 'size_t' to 'int', possible loss of data
C:\Users\aleys\Desktop\Visual Studio Projects\CardGame\Deck Building Game\Deck Building Game\Player.cpp(87,33): warning C4244: '=': conversion from 'uint32_t' to 'float', possible loss of data
C:\Users\aleys\Desktop\Visual Studio Projects\CardGame\Deck Building Game\Deck Building Game\Player.cpp(88,36): warning C4244: 'argument': conversion from 'uint32_t' to 'float', possible loss of data
  ScreenManager.cpp
  Sound.cpp
  Generating Code...
  Deck Building Game.vcxproj -> C:\Users\aleys\Desktop\Visual Studio Projects\CardGame\Deck Building Game\x64\Debug\Deck Building Game.exe
